
/home/runner/work/exp-forging-hammer-nitk/exp-forging-hammer-nitk/experiment/simulation/js/Input.js
   1:7   warning  'NumberInput' is defined but never used  no-unused-vars
  21:27  warning  'createInput' is not defined             no-undef
  32:31  warning  'createSlider' is not defined            no-undef
  55:13  warning  'position_graph1' is not defined         no-undef
  56:13  warning  'position_graph2' is not defined         no-undef
  73:9   warning  'push' is not defined                    no-undef
  75:9   warning  'fill' is not defined                    no-undef
  76:9   warning  'strokeWeight' is not defined            no-undef
  77:9   warning  'textFont' is not defined                no-undef
  78:9   warning  'textSize' is not defined                no-undef
  79:9   warning  'text' is not defined                    no-undef
  81:9   warning  'pop' is not defined                     no-undef

/home/runner/work/exp-forging-hammer-nitk/exp-forging-hammer-nitk/experiment/simulation/js/buttonIcon.js
   1:7  warning  'Button' is defined but never used  no-unused-vars
  18:9  warning  'image' is not defined              no-undef

/home/runner/work/exp-forging-hammer-nitk/exp-forging-hammer-nitk/experiment/simulation/js/dpi.js
  42:10  error  Parsing error: Identifier 'fix_dpi' has already been declared

/home/runner/work/exp-forging-hammer-nitk/exp-forging-hammer-nitk/experiment/simulation/js/dynamic_graphs.js
   1:7   warning  'DynamicGraph' is defined but never used  no-unused-vars
  26:25  warning  'map' is not defined                      no-undef
  28:21  warning  'map' is not defined                      no-undef
  28:46  warning  'spring1' is not defined                  no-undef
  43:9   warning  'push' is not defined                     no-undef
  46:13  warning  'beginShape' is not defined               no-undef
  47:13  warning  'stroke' is not defined                   no-undef
  48:13  warning  'strokeWeight' is not defined             no-undef
  49:13  warning  'noFill' is not defined                   no-undef
  52:17  warning  'vertex' is not defined                   no-undef
  54:13  warning  'endShape' is not defined                 no-undef
  57:9   warning  'stroke' is not defined                   no-undef
  58:9   warning  'strokeWeight' is not defined             no-undef
  59:9   warning  'line' is not defined                     no-undef
  60:9   warning  'line' is not defined                     no-undef
  62:9   warning  'strokeWeight' is not defined             no-undef
  63:9   warning  'fill' is not defined                     no-undef
  64:9   warning  'textSize' is not defined                 no-undef
  65:9   warning  'text' is not defined                     no-undef
  66:9   warning  'translate' is not defined                no-undef
  67:9   warning  'rotate' is not defined                   no-undef
  67:16  warning  'radians' is not defined                  no-undef
  68:9   warning  'text' is not defined                     no-undef
  70:9   warning  'pop' is not defined                      no-undef

/home/runner/work/exp-forging-hammer-nitk/exp-forging-hammer-nitk/experiment/simulation/js/graph.js
   1:7   warning  'Graph' is defined but never used  no-unused-vars
  25:9   warning  't' is not defined                 no-undef
  29:9   warning  'push' is not defined              no-undef
  34:9   warning  'beginShape' is not defined        no-undef
  35:9   warning  'stroke' is not defined            no-undef
  36:9   warning  'strokeWeight' is not defined      no-undef
  37:9   warning  'noFill' is not defined            no-undef
  42:24  warning  'map' is not defined               no-undef
  42:43  warning  'max' is not defined               no-undef
  45:13  warning  'vertex' is not defined            no-undef
  48:17  warning  'vertex' is not defined            no-undef
  52:9   warning  'endShape' is not defined          no-undef
  54:9   warning  'stroke' is not defined            no-undef
  55:9   warning  'strokeWeight' is not defined      no-undef
  56:9   warning  'line' is not defined              no-undef
  57:9   warning  'line' is not defined              no-undef
  58:9   warning  'line' is not defined              no-undef
  60:9   warning  'fill' is not defined              no-undef
  61:9   warning  'strokeWeight' is not defined      no-undef
  62:9   warning  'textSize' is not defined          no-undef
  63:9   warning  'text' is not defined              no-undef
  64:9   warning  'translate' is not defined         no-undef
  65:9   warning  'rotate' is not defined            no-undef
  65:16  warning  'radians' is not defined           no-undef
  66:9   warning  'text' is not defined              no-undef
  68:9   warning  'pop' is not defined               no-undef

/home/runner/work/exp-forging-hammer-nitk/exp-forging-hammer-nitk/experiment/simulation/js/jquery-3.6.0.js
     17:44  warning  'module' is not defined                                                    no-undef
     25:5   warning  'module' is not defined                                                    no-undef
    142:13  warning  'Symbol' is already defined as a built-in global variable                  no-redeclare
    717:22  warning  Unexpected control character(s) in regular expression: \x1f, \x1f          no-control-regex
    779:50  warning  Empty block statement                                                      no-empty
   2185:38  warning  Do not access Object.prototype method 'hasOwnProperty' from target object  no-prototype-builtins
   3205:16  warning  Unnecessary escape character: \/                                           no-useless-escape
   3507:52  warning  Empty block statement                                                      no-empty
   4584:21  warning  Empty block statement                                                      no-empty
   5051:28  warning  Unnecessary escape character: \/                                           no-useless-escape
   5268:19  warning  Empty block statement                                                      no-empty
   6564:25  warning  Empty block statement                                                      no-empty
   9171:17  warning  Empty block statement                                                      no-empty
   9819:28  warning  'urlAnchor.href' is assigned to itself                                     no-self-assign
  10269:17  warning  Empty block statement                                                      no-empty
  11162:39  warning  'define' is not defined                                                    no-undef
  11163:5   warning  'define' is not defined                                                    no-undef

/home/runner/work/exp-forging-hammer-nitk/exp-forging-hammer-nitk/experiment/simulation/js/jquery.ui.touch-punch.js
  174:4  warning  'jQuery' is not defined  no-undef

/home/runner/work/exp-forging-hammer-nitk/exp-forging-hammer-nitk/experiment/simulation/js/jquery.ui.touch-punch.min.js
  81:4  warning  'jQuery' is not defined  no-undef

/home/runner/work/exp-forging-hammer-nitk/exp-forging-hammer-nitk/experiment/simulation/js/p5.dom.js
    29:39  warning  'define' is not defined                          no-undef
    30:5   warning  'define' is not defined                          no-undef
    32:13  warning  'require' is not defined                         no-undef
   214:43  warning  'e' is defined but never used                    no-unused-vars
   289:39  warning  Invalid typeof comparison value                  valid-typeof
   579:20  warning  'i' is already defined                           no-redeclare
   674:13  warning  'ran' is assigned a value but never used         no-unused-vars
   692:18  warning  'i' is already defined                           no-redeclare
   707:18  warning  'i' is already defined                           no-redeclare
   796:7   warning  Move function declaration to function body root  no-inner-declarations
   803:11  warning  Move function declaration to function body root  no-inner-declarations
   810:12  warning  Unnecessary semicolon                            no-extra-semi
   838:9   warning  'src' is already defined                         no-redeclare
  1301:11  warning  'transform' is already defined                   no-redeclare
  1582:20  warning  'prop' is already defined                        no-redeclare

/home/runner/work/exp-forging-hammer-nitk/exp-forging-hammer-nitk/experiment/simulation/js/p5.js
      2:73    warning  'module' is not defined                                                    no-undef
      2:128   warning  'define' is not defined                                                    no-undef
      2:140   warning  'define' is not defined                                                    no-undef
      2:244   warning  'global' is not defined                                                    no-undef
      2:341   warning  'module' is defined but never used                                         no-unused-vars
      2:348   warning  'exports' is defined but never used                                        no-unused-vars
      2:452   warning  'require' is not defined                                                   no-undef
      2:752   warning  'require' is not defined                                                   no-undef
      2:819   warning  '_dereq_' is defined but never used                                        no-unused-vars
      2:827   warning  'module' is defined but never used                                         no-unused-vars
      2:834   warning  'exports' is defined but never used                                        no-unused-vars
    521:2     warning  Unnecessary semicolon                                                      no-extra-semi
   1163:66    warning  'global' is not defined                                                    no-undef
   2210:11    warning  'ArrayBuffer' is already defined as a built-in global variable             no-redeclare
   2210:24    warning  'DataView' is already defined as a built-in global variable                no-redeclare
   2210:34    warning  'Uint8Array' is already defined as a built-in global variable              no-redeclare
   2210:46    warning  'XMLHttpRequest' is already defined as a built-in global variable          no-redeclare
   2962:12    warning  Unexpected constant condition                                              no-constant-condition
   3038:15    warning  Do not access Object.prototype method 'hasOwnProperty' from target object  no-prototype-builtins
   4803:35    warning  'value2' is assigned a value but never used                                no-unused-vars
   5897:9     warning  'langTagCount' is assigned a value but never used                          no-unused-vars
   6709:11    warning  'WeakMap' is already defined as a built-in global variable                 no-redeclare
   7323:46    warning  'exports' is defined but never used                                        no-unused-vars
   7495:29    warning  'name' is defined but never used                                           no-unused-vars
   7500:27    warning  'dir' is defined but never used                                            no-unused-vars
   7505:20    warning  '_dereq_' is defined but never used                                        no-unused-vars
   7505:28    warning  'module' is defined but never used                                         no-unused-vars
   7505:35    warning  'exports' is defined but never used                                        no-unused-vars
   7542:40    warning  Do not access Object.prototype method 'isPrototypeOf' from target object   no-prototype-builtins
   7554:28    warning  Unnecessary escape character: \^                                           no-useless-escape
   7620:21    warning  Do not access Object.prototype method 'hasOwnProperty' from target object  no-prototype-builtins
   7629:20    warning  Do not access Object.prototype method 'hasOwnProperty' from target object  no-prototype-builtins
   7718:49    warning  Do not access Object.prototype method 'isPrototypeOf' from target object   no-prototype-builtins
   7720:57    warning  Do not access Object.prototype method 'isPrototypeOf' from target object   no-prototype-builtins
   7722:68    warning  Do not access Object.prototype method 'isPrototypeOf' from target object   no-prototype-builtins
   7728:64    warning  Do not access Object.prototype method 'isPrototypeOf' from target object   no-prototype-builtins
   7739:70    warning  Do not access Object.prototype method 'isPrototypeOf' from target object   no-prototype-builtins
   7968:35    warning  'exports' is defined but never used                                        no-unused-vars
   8062:1291  warning  'exports' is defined but never used                                        no-unused-vars
   8315:52    warning  'exports' is defined but never used                                        no-unused-vars
   8894:91    warning  'exports' is defined but never used                                        no-unused-vars
   9500:99    warning  'exports' is defined but never used                                        no-unused-vars
  10134:91    warning  'exports' is defined but never used                                        no-unused-vars
  10646:98    warning  'exports' is defined but never used                                        no-unused-vars
  10977:63    warning  'exports' is defined but never used                                        no-unused-vars
  11013:51    warning  'exports' is defined but never used                                        no-unused-vars
  11234:35    warning  'exports' is defined but never used                                        no-unused-vars
  11684:20    warning  Do not access Object.prototype method 'hasOwnProperty' from target object  no-prototype-builtins
  11715:27    warning  Do not access Object.prototype method 'hasOwnProperty' from target object  no-prototype-builtins
  11716:20    warning  Do not access Object.prototype method 'hasOwnProperty' from target object  no-prototype-builtins
  11730:16    warning  Do not access Object.prototype method 'hasOwnProperty' from target object  no-prototype-builtins
  11808:37    warning  Do not access Object.prototype method 'hasOwnProperty' from target object  no-prototype-builtins
  11814:40    warning  Do not access Object.prototype method 'hasOwnProperty' from target object  no-prototype-builtins
  11894:63    warning  'exports' is defined but never used                                        no-unused-vars
  12395:67    warning  'exports' is defined but never used                                        no-unused-vars
  13069:63    warning  'exports' is defined but never used                                        no-unused-vars
  13340:63    warning  'exports' is defined but never used                                        no-unused-vars
  14223:46    warning  'exports' is defined but never used                                        no-unused-vars
  14299:63    warning  'exports' is defined but never used                                        no-unused-vars
  14511:14    warning  Expected a conditional expression and instead saw an assignment            no-cond-assign
  14521:69    warning  'exports' is defined but never used                                        no-unused-vars
  15814:118   warning  'exports' is defined but never used                                        no-unused-vars
  16120:116   warning  '_dereq_' is defined but never used                                        no-unused-vars
  16120:124   warning  'module' is defined but never used                                         no-unused-vars
  16120:131   warning  'exports' is defined but never used                                        no-unused-vars
  16129:28    warning  'element' is defined but never used                                        no-unused-vars
  16203:35    warning  'exports' is defined but never used                                        no-unused-vars
  16575:46    warning  'exports' is defined but never used                                        no-unused-vars
  16971:63    warning  'exports' is defined but never used                                        no-unused-vars
  17284:38    warning  'x2' is defined but never used                                             no-unused-vars
  17284:42    warning  'y2' is defined but never used                                             no-unused-vars
  17284:46    warning  'x3' is defined but never used                                             no-unused-vars
  17284:50    warning  'y3' is defined but never used                                             no-unused-vars
  17284:54    warning  'x4' is defined but never used                                             no-unused-vars
  17284:58    warning  'y4' is defined but never used                                             no-unused-vars
  17607:63    warning  'exports' is defined but never used                                        no-unused-vars
  18200:52    warning  'exports' is defined but never used                                        no-unused-vars
  18510:34    warning  'e' is defined but never used                                              no-unused-vars
  18572:18    warning  Do not access Object.prototype method 'hasOwnProperty' from target object  no-prototype-builtins
  18581:52    warning  'exports' is defined but never used                                        no-unused-vars
  19347:75    warning  'exports' is defined but never used                                        no-unused-vars
  19592:52    warning  'exports' is defined but never used                                        no-unused-vars
  19593:10    warning  'ImageData' is already defined as a built-in global variable               no-redeclare
  20195:35    warning  'exports' is defined but never used                                        no-unused-vars
  20212:11    warning  'frames' is already defined as a built-in global variable                  no-redeclare
  20212:11    warning  'frames' is defined but never used                                         no-unused-vars
  20532:52    warning  'exports' is defined but never used                                        no-unused-vars
  20994:137   warning  'exports' is defined but never used                                        no-unused-vars
  21701:67    warning  'exports' is defined but never used                                        no-unused-vars
  22318:90    warning  'exports' is defined but never used                                        no-unused-vars
  22326:12    warning  'Request' is already defined as a built-in global variable                 no-redeclare
  22589:47    warning  Do not access Object.prototype method 'hasOwnProperty' from target object  no-prototype-builtins
  22831:18    warning  Unnecessary escape character: \"                                           no-useless-escape
  22862:12    warning  Unexpected constant condition                                              no-constant-condition
  23205:14    warning  Do not access Object.prototype method 'hasOwnProperty' from target object  no-prototype-builtins
  23274:30    warning  'msg' is defined but never used                                            no-unused-vars
  23446:31    warning  'object' is defined but never used                                         no-unused-vars
  23446:39    warning  '_filename' is defined but never used                                      no-unused-vars
  23446:50    warning  '_options' is defined but never used                                       no-unused-vars
  23708:35    warning  Unnecessary escape character: \"                                           no-useless-escape
  23708:49    warning  Unnecessary escape character: \"                                           no-useless-escape
  23709:14    warning  Unnecessary escape character: \"                                           no-useless-escape
  23709:39    warning  Unnecessary escape character: \"                                           no-useless-escape
  23759:26    warning  Unnecessary escape character: \/                                           no-useless-escape
  23761:17    warning  Unnecessary escape character: \/                                           no-useless-escape
  23803:48    warning  Unnecessary escape character: \"                                           no-useless-escape
  23803:61    warning  Unnecessary escape character: \"                                           no-useless-escape
  23867:146   warning  'exports' is defined but never used                                        no-unused-vars
  23913:22    warning  'rows' is defined but never used                                           no-unused-vars
  24547:25    warning  Unnecessary escape character: \/                                           no-useless-escape
  25026:52    warning  'exports' is defined but never used                                        no-unused-vars
  25196:52    warning  'exports' is defined but never used                                        no-unused-vars
  25995:52    warning  'exports' is defined but never used                                        no-unused-vars
  26744:16    warning  'x' is defined but never used                                              no-unused-vars
  26744:19    warning  'y' is defined but never used                                              no-unused-vars
  26744:22    warning  'z' is defined but never used                                              no-unused-vars
  26785:52    warning  'exports' is defined but never used                                        no-unused-vars
  26819:52    warning  'exports' is defined but never used                                        no-unused-vars
  27122:52    warning  'exports' is defined but never used                                        no-unused-vars
  28177:96    warning  'exports' is defined but never used                                        no-unused-vars
  28191:35    warning  'exports' is defined but never used                                        no-unused-vars
  28438:52    warning  'exports' is defined but never used                                        no-unused-vars
  28796:96    warning  'exports' is defined but never used                                        no-unused-vars
  28847:35    warning  'horizAlign' is defined but never used                                     no-unused-vars
  28847:47    warning  'vertAlign' is defined but never used                                      no-unused-vars
  28880:37    warning  'theLeading' is defined but never used                                     no-unused-vars
  28907:34    warning  'theSize' is defined but never used                                        no-unused-vars
  28938:35    warning  'theStyle' is defined but never used                                       no-unused-vars
  29041:52    warning  'exports' is defined but never used                                        no-unused-vars
  29108:30    warning  'str' is defined but never used                                            no-unused-vars
  29108:35    warning  'x' is defined but never used                                              no-unused-vars
  29108:38    warning  'y' is defined but never used                                              no-unused-vars
  29108:41    warning  'maxWidth' is defined but never used                                       no-unused-vars
  29108:51    warning  'maxHeight' is defined but never used                                      no-unused-vars
  29183:102   warning  'exports' is defined but never used                                        no-unused-vars
  29305:31    warning  'gFontSize' is defined but never used                                      no-unused-vars
  29823:5     warning  Unexpected newline between function and ( of function call                 no-unexpected-multiline
  30076:9     warning  Unexpected newline between function and ( of function call                 no-unexpected-multiline
  30257:75    warning  'exports' is defined but never used                                        no-unused-vars
  30605:52    warning  'exports' is defined but never used                                        no-unused-vars
  30876:52    warning  'exports' is defined but never used                                        no-unused-vars
  31411:52    warning  'exports' is defined but never used                                        no-unused-vars
  31580:52    warning  'exports' is defined but never used                                        no-unused-vars
  31723:52    warning  'exports' is defined but never used                                        no-unused-vars
  31739:52    warning  'exports' is defined but never used                                        no-unused-vars
  31780:38    warning  'v1' is defined but never used                                             no-unused-vars
  31780:42    warning  'v2' is defined but never used                                             no-unused-vars
  31780:46    warning  'v3' is defined but never used                                             no-unused-vars
  31780:50    warning  'a' is defined but never used                                              no-unused-vars
  31846:54    warning  'a' is defined but never used                                              no-unused-vars
  31846:57    warning  'x' is defined but never used                                              no-unused-vars
  31846:60    warning  'y' is defined but never used                                              no-unused-vars
  31846:63    warning  'z' is defined but never used                                              no-unused-vars
  31876:5     warning  Unnecessary try/catch wrapper                                              no-useless-catch
  31947:48    warning  'a' is defined but never used                                              no-unused-vars
  31947:51    warning  'x' is defined but never used                                              no-unused-vars
  31947:54    warning  'y' is defined but never used                                              no-unused-vars
  31947:57    warning  'z' is defined but never used                                              no-unused-vars
  31977:5     warning  Unnecessary try/catch wrapper                                              no-useless-catch
  32008:52    warning  'exports' is defined but never used                                        no-unused-vars
  32241:71    warning  'exports' is defined but never used                                        no-unused-vars
  32488:41    warning  'v1' is defined but never used                                             no-unused-vars
  32488:45    warning  'v2' is defined but never used                                             no-unused-vars
  32488:49    warning  'v3' is defined but never used                                             no-unused-vars
  32488:53    warning  'a' is defined but never used                                              no-unused-vars
  32542:42    warning  'v1' is defined but never used                                             no-unused-vars
  32542:46    warning  'v2' is defined but never used                                             no-unused-vars
  32542:50    warning  'v3' is defined but never used                                             no-unused-vars
  32542:54    warning  'a' is defined but never used                                              no-unused-vars
  32570:53    warning  'v1' is defined but never used                                             no-unused-vars
  32570:56    warning  'v2' is defined but never used                                             no-unused-vars
  32570:59    warning  'v3' is defined but never used                                             no-unused-vars
  32570:62    warning  'a' is defined but never used                                              no-unused-vars
  32589:52    warning  'exports' is defined but never used                                        no-unused-vars
  32769:52    warning  'exports' is defined but never used                                        no-unused-vars
  33479:102   warning  'exports' is defined but never used                                        no-unused-vars
  33552:16    warning  'isCurve' is defined but never used                                        no-unused-vars
  33552:25    warning  'isBezier' is defined but never used                                       no-unused-vars
  33552:34    warning  'isQuadratic' is defined but never used                                    no-unused-vars
  33552:47    warning  'isContour' is defined but never used                                      no-unused-vars
  33552:58    warning  'shapeKind' is defined but never used                                      no-unused-vars
  33663:75    warning  'exports' is defined but never used                                        no-unused-vars
  33822:52    warning  'exports' is defined but never used                                        no-unused-vars
  34132:41    warning  'v1' is defined but never used                                             no-unused-vars
  34132:45    warning  'v2' is defined but never used                                             no-unused-vars
  34132:49    warning  'v3' is defined but never used                                             no-unused-vars
  34132:53    warning  'a' is defined but never used                                              no-unused-vars
  34160:43    warning  'r' is defined but never used                                              no-unused-vars
  34160:46    warning  'g' is defined but never used                                              no-unused-vars
  34160:49    warning  'b' is defined but never used                                              no-unused-vars
  34160:52    warning  'a' is defined but never used                                              no-unused-vars
  34312:108   warning  'exports' is defined but never used                                        no-unused-vars
  34464:11    warning  'id' is assigned a value but never used                                    no-unused-vars
  34898:42    warning  'x' is defined but never used                                              no-unused-vars
  34898:45    warning  'y' is defined but never used                                              no-unused-vars
  34898:48    warning  'z' is defined but never used                                              no-unused-vars
  35104:71    warning  'exports' is defined but never used                                        no-unused-vars

/home/runner/work/exp-forging-hammer-nitk/exp-forging-hammer-nitk/experiment/simulation/js/page1.js
    1:5   warning  'showCodeBlock' is assigned a value but never used  no-unused-vars
    2:10  warning  'runPage1' is defined but never used                no-unused-vars
    3:3   warning  'background' is not defined                         no-undef
    6:3   warning  'fill' is not defined                               no-undef
    8:3   warning  'push' is not defined                               no-undef
    9:3   warning  'textSize' is not defined                           no-undef
   10:3   warning  'textFont' is not defined                           no-undef
   11:3   warning  'strokeWeight' is not defined                       no-undef
   12:3   warning  'text' is not defined                               no-undef
   13:3   warning  'pop' is not defined                                no-undef
   15:3   warning  'push' is not defined                               no-undef
   16:3   warning  'stroke' is not defined                             no-undef
   18:5   warning  'point' is not defined                              no-undef
   22:5   warning  'point' is not defined                              no-undef
   25:3   warning  'pop' is not defined                                no-undef
   29:1   warning  'position_graph1' is not defined                    no-undef
   29:24  warning  'spring1' is not defined                            no-undef
   30:1   warning  'position_graph1' is not defined                    no-undef
   32:1   warning  'position_graph2' is not defined                    no-undef
   32:24  warning  'spring1' is not defined                            no-undef
   33:1   warning  'position_graph2' is not defined                    no-undef
   36:1   warning  'strokeWeight' is not defined                       no-undef
   38:43  warning  'spring1' is not defined                            no-undef
   39:43  warning  'spring1' is not defined                            no-undef
   40:46  warning  'spring1' is not defined                            no-undef
   40:57  warning  'spring1' is not defined                            no-undef
   41:45  warning  'spring1' is not defined                            no-undef
   41:57  warning  'spring1' is not defined                            no-undef
   42:44  warning  'abs' is not defined                                no-undef
   42:48  warning  'spring1' is not defined                            no-undef
   43:44  warning  'abs' is not defined                                no-undef
   43:48  warning  'spring1' is not defined                            no-undef
   44:47  warning  'spring1' is not defined                            no-undef
   44:58  warning  'spring1' is not defined                            no-undef
   45:46  warning  'abs' is not defined                                no-undef
   45:50  warning  'spring1' is not defined                            no-undef
   45:64  warning  'spring1' is not defined                            no-undef
   45:77  warning  'spring1' is not defined                            no-undef
   46:46  warning  'abs' is not defined                                no-undef
   46:50  warning  'spring1' is not defined                            no-undef
   46:64  warning  'spring1' is not defined                            no-undef
   46:77  warning  'spring1' is not defined                            no-undef
   48:1   warning  'spring1' is not defined                            no-undef
   48:20  warning  'F0' is not defined                                 no-undef
   48:24  warning  'k3' is not defined                                 no-undef
   48:27  warning  'k1' is not defined                                 no-undef
   48:30  warning  'm1' is not defined                                 no-undef
   48:33  warning  'k2' is not defined                                 no-undef
   48:36  warning  'm2' is not defined                                 no-undef
   48:40  warning  'x10' is not defined                                no-undef
   48:45  warning  'x20' is not defined                                no-undef
   49:1   warning  'spring1' is not defined                            no-undef
   49:16  warning  't' is not defined                                  no-undef
   49:19  warning  'factor' is not defined                             no-undef
   50:1   warning  'spring1' is not defined                            no-undef
   51:1   warning  'strokeWeight' is not defined                       no-undef
   52:1   warning  'line' is not defined                               no-undef
   52:7   warning  'spring1' is not defined                            no-undef
   52:35  warning  'spring1' is not defined                            no-undef
   52:63  warning  'position_graph1' is not defined                    no-undef
   52:92  warning  'position_graph1' is not defined                    no-undef
   53:1   warning  'line' is not defined                               no-undef
   53:7   warning  'spring1' is not defined                            no-undef
   53:35  warning  'spring1' is not defined                            no-undef
   53:63  warning  'position_graph2' is not defined                    no-undef
   53:92  warning  'position_graph2' is not defined                    no-undef
   55:3   warning  'k1' is not defined                                 no-undef
   55:8   warning  '$' is not defined                                  no-undef
   56:3   warning  'm1' is not defined                                 no-undef
   56:8   warning  '$' is not defined                                  no-undef
   57:3   warning  'k2' is not defined                                 no-undef
   57:8   warning  '$' is not defined                                  no-undef
   58:3   warning  'm2' is not defined                                 no-undef
   58:8   warning  '$' is not defined                                  no-undef
   59:3   warning  'k3' is not defined                                 no-undef
   59:8   warning  '$' is not defined                                  no-undef
   60:3   warning  'F0' is not defined                                 no-undef
   60:8   warning  '$' is not defined                                  no-undef
   61:3   warning  'x10' is not defined                                no-undef
   61:9   warning  '$' is not defined                                  no-undef
   62:3   warning  'x20' is not defined                                no-undef
   62:9   warning  '$' is not defined                                  no-undef
   66:3   warning  'strokeWeight' is not defined                       no-undef
   68:3   warning  '$' is not defined                                  no-undef
   72:3   warning  '$' is not defined                                  no-undef
   76:3   warning  '$' is not defined                                  no-undef
   80:3   warning  't' is not defined                                  no-undef
   80:7   warning  't' is not defined                                  no-undef
   80:11  warning  'dt' is not defined                                 no-undef
   82:9   warning  '$' is not defined                                  no-undef
   84:7   warning  '$' is not defined                                  no-undef
   99:7   warning  '$' is not defined                                  no-undef
  109:9   warning  '$' is not defined                                  no-undef
  111:7   warning  '$' is not defined                                  no-undef
  118:7   warning  '$' is not defined                                  no-undef
  130:3   warning  '$' is not defined                                  no-undef

/home/runner/work/exp-forging-hammer-nitk/exp-forging-hammer-nitk/experiment/simulation/js/page2.js
    1:10  warning  'runPage2' is defined but never used  no-unused-vars
    2:3   warning  'background' is not defined           no-undef
    4:3   warning  'textSize' is not defined             no-undef
    5:3   warning  'strokeWeight' is not defined         no-undef
    6:3   warning  'text' is not defined                 no-undef
    7:3   warning  'text' is not defined                 no-undef
    8:3   warning  'strokeWeight' is not defined         no-undef
    9:3   warning  'line' is not defined                 no-undef
   10:3   warning  'line' is not defined                 no-undef
   12:6   warning  'spring1' is not defined              no-undef
   12:18  warning  'spring1' is not defined              no-undef
   15:5   warning  'textFont' is not defined             no-undef
   16:5   warning  'textSize' is not defined             no-undef
   17:5   warning  'strokeWeight' is not defined         no-undef
   18:5   warning  'text' is not defined                 no-undef
   20:5   warning  'text' is not defined                 no-undef
   21:5   warning  'text' is not defined                 no-undef
   22:5   warning  'strokeWeight' is not defined         no-undef
   23:5   warning  'stroke' is not defined               no-undef
   24:5   warning  'line' is not defined                 no-undef
   25:5   warning  'stroke' is not defined               no-undef
   26:5   warning  'line' is not defined                 no-undef
   26:23  warning  'spring1' is not defined              no-undef
   27:5   warning  'line' is not defined                 no-undef
   27:23  warning  'spring1' is not defined              no-undef
   28:5   warning  'stroke' is not defined               no-undef
   29:5   warning  'line' is not defined                 no-undef
   29:22  warning  'spring1' is not defined              no-undef
   30:5   warning  'line' is not defined                 no-undef
   30:15  warning  'spring1' is not defined              no-undef
   30:38  warning  'spring1' is not defined              no-undef
   31:5   warning  'line' is not defined                 no-undef
   31:15  warning  'spring1' is not defined              no-undef
   34:13  warning  'spring1' is not defined              no-undef
   34:27  warning  'spring1' is not defined              no-undef
   36:9   warning  'textFont' is not defined             no-undef
   37:9   warning  'textSize' is not defined             no-undef
   38:9   warning  'strokeWeight' is not defined         no-undef
   39:9   warning  'text' is not defined                 no-undef
   41:9   warning  'text' is not defined                 no-undef
   42:9   warning  'text' is not defined                 no-undef
   43:9   warning  'strokeWeight' is not defined         no-undef
   44:9   warning  'stroke' is not defined               no-undef
   45:9   warning  'line' is not defined                 no-undef
   46:9   warning  'stroke' is not defined               no-undef
   47:9   warning  'line' is not defined                 no-undef
   47:27  warning  'spring1' is not defined              no-undef
   48:9   warning  'line' is not defined                 no-undef
   48:27  warning  'spring1' is not defined              no-undef
   49:9   warning  'stroke' is not defined               no-undef
   50:9   warning  'line' is not defined                 no-undef
   50:26  warning  'spring1' is not defined              no-undef
   51:9   warning  'line' is not defined                 no-undef
   51:19  warning  'spring1' is not defined              no-undef
   51:42  warning  'spring1' is not defined              no-undef
   52:9   warning  'line' is not defined                 no-undef
   52:19  warning  'spring1' is not defined              no-undef
   57:5   warning  'textFont' is not defined             no-undef
   58:5   warning  'textSize' is not defined             no-undef
   59:5   warning  'strokeWeight' is not defined         no-undef
   60:5   warning  'text' is not defined                 no-undef
   66:5   warning  'strokeWeight' is not defined         no-undef
   67:5   warning  'stroke' is not defined               no-undef
   68:5   warning  'line' is not defined                 no-undef
   69:5   warning  'stroke' is not defined               no-undef
   70:5   warning  'line' is not defined                 no-undef
   70:27  warning  'spring1' is not defined              no-undef
   71:5   warning  'line' is not defined                 no-undef
   71:27  warning  'spring1' is not defined              no-undef
   72:5   warning  'stroke' is not defined               no-undef
   73:5   warning  'line' is not defined                 no-undef
   73:26  warning  'spring1' is not defined              no-undef
   74:5   warning  'line' is not defined                 no-undef
   74:15  warning  'spring1' is not defined              no-undef
   74:42  warning  'spring1' is not defined              no-undef
   75:5   warning  'line' is not defined                 no-undef
   75:15  warning  'spring1' is not defined              no-undef
   82:3   warning  'strokeWeight' is not defined         no-undef
   83:5   warning  'spring1' is not defined              no-undef
   83:24  warning  'F0' is not defined                   no-undef
   83:28  warning  'k3' is not defined                   no-undef
   83:31  warning  'k1' is not defined                   no-undef
   83:34  warning  'm1' is not defined                   no-undef
   83:37  warning  'k2' is not defined                   no-undef
   83:40  warning  'm2' is not defined                   no-undef
   83:44  warning  'x10' is not defined                  no-undef
   83:49  warning  'x20' is not defined                  no-undef
   84:5   warning  'spring1' is not defined              no-undef
   84:20  warning  't' is not defined                    no-undef
   84:22  warning  'factor' is not defined               no-undef
   86:3   warning  'stroke' is not defined               no-undef
   87:3   warning  'fill' is not defined                 no-undef
   88:45  warning  'spring1' is not defined              no-undef
   89:43  warning  'spring1' is not defined              no-undef
   90:45  warning  'spring1' is not defined              no-undef
   90:57  warning  'spring1' is not defined              no-undef
   91:45  warning  'spring1' is not defined              no-undef
   91:57  warning  'spring1' is not defined              no-undef
   92:44  warning  'abs' is not defined                  no-undef
   92:48  warning  'spring1' is not defined              no-undef
   93:44  warning  'abs' is not defined                  no-undef
   93:48  warning  'spring1' is not defined              no-undef
   94:46  warning  'spring1' is not defined              no-undef
   94:59  warning  'spring1' is not defined              no-undef
   95:46  warning  'abs' is not defined                  no-undef
   95:50  warning  'spring1' is not defined              no-undef
   95:64  warning  'spring1' is not defined              no-undef
   95:77  warning  'spring1' is not defined              no-undef
   96:46  warning  'abs' is not defined                  no-undef
   96:50  warning  'spring1' is not defined              no-undef
   96:64  warning  'spring1' is not defined              no-undef
   96:77  warning  'spring1' is not defined              no-undef
   98:1   warning  'k1' is not defined                   no-undef
   98:6   warning  '$' is not defined                    no-undef
   99:1   warning  'm1' is not defined                   no-undef
   99:6   warning  '$' is not defined                    no-undef
  100:1   warning  'k2' is not defined                   no-undef
  100:6   warning  '$' is not defined                    no-undef
  101:1   warning  'm2' is not defined                   no-undef
  101:6   warning  '$' is not defined                    no-undef
  102:1   warning  'k3' is not defined                   no-undef
  102:6   warning  '$' is not defined                    no-undef
  103:1   warning  'F0' is not defined                   no-undef
  103:6   warning  '$' is not defined                    no-undef
  104:1   warning  'x10' is not defined                  no-undef
  104:7   warning  '$' is not defined                    no-undef
  105:1   warning  'x20' is not defined                  no-undef
  105:7   warning  '$' is not defined                    no-undef
  107:3   warning  'push' is not defined                 no-undef
  110:3   warning  'magFac1' is not defined              no-undef
  113:3   warning  't' is not defined                    no-undef
  113:7   warning  't' is not defined                    no-undef
  113:11  warning  'dt' is not defined                   no-undef
  116:9   warning  '$' is not defined                    no-undef
  118:7   warning  '$' is not defined                    no-undef
  126:7   warning  '$' is not defined                    no-undef
  142:3   warning  '$' is not defined                    no-undef

/home/runner/work/exp-forging-hammer-nitk/exp-forging-hammer-nitk/experiment/simulation/js/page3.js
    1:10  warning  'runPage3' is defined but never used  no-unused-vars
    2:3   warning  'background' is not defined           no-undef
    5:3   warning  'stroke' is not defined               no-undef
    6:3   warning  'fill' is not defined                 no-undef
    8:3   warning  'push' is not defined                 no-undef
   10:3   warning  'pop' is not defined                  no-undef
   12:3   warning  'textSize' is not defined             no-undef
   13:3   warning  'strokeWeight' is not defined         no-undef
   14:3   warning  'text' is not defined                 no-undef
   16:3   warning  'magFac1' is not defined              no-undef
   17:5   warning  'magFac1' is not defined              no-undef
   20:5   warning  'magFac2' is not defined              no-undef
   21:5   warning  'magFac2' is not defined              no-undef
   23:5   warning  'stroke' is not defined               no-undef
   24:5   warning  'strokeWeight' is not defined         no-undef
   25:5   warning  'line' is not defined                 no-undef
   26:5   warning  'stroke' is not defined               no-undef
   27:5   warning  'strokeWeight' is not defined         no-undef
   28:5   warning  'textSize' is not defined             no-undef
   29:5   warning  'text' is not defined                 no-undef
   31:5   warning  'stroke' is not defined               no-undef
   32:5   warning  'strokeWeight' is not defined         no-undef
   33:5   warning  'line' is not defined                 no-undef
   34:5   warning  'stroke' is not defined               no-undef
   35:5   warning  'strokeWeight' is not defined         no-undef
   36:5   warning  'textSize' is not defined             no-undef
   37:5   warning  'text' is not defined                 no-undef
   41:5   warning  'stroke' is not defined               no-undef
   42:5   warning  'strokeWeight' is not defined         no-undef
   43:5   warning  'point' is not defined                no-undef
   44:5   warning  'strokeWeight' is not defined         no-undef
   45:5   warning  'text' is not defined                 no-undef
   46:5   warning  'stroke' is not defined               no-undef
   47:5   warning  'strokeWeight' is not defined         no-undef
   48:5   warning  'point' is not defined                no-undef
   49:5   warning  'strokeWeight' is not defined         no-undef
   50:5   warning  'text' is not defined                 no-undef
   53:3   warning  'strokeWeight' is not defined         no-undef
   54:5   warning  'spring1' is not defined              no-undef
   54:24  warning  'F0' is not defined                   no-undef
   54:28  warning  'k3' is not defined                   no-undef
   54:31  warning  'k1' is not defined                   no-undef
   54:34  warning  'm1' is not defined                   no-undef
   54:37  warning  'k2' is not defined                   no-undef
   54:40  warning  'm2' is not defined                   no-undef
   54:44  warning  'x10' is not defined                  no-undef
   54:50  warning  'x20' is not defined                  no-undef
   55:5   warning  'spring1' is not defined              no-undef
   55:20  warning  't' is not defined                    no-undef
   55:23  warning  'factor' is not defined               no-undef
   57:5   warning  'stroke' is not defined               no-undef
   58:5   warning  'strokeWeight' is not defined         no-undef
   59:5   warning  'point' is not defined                no-undef
   59:15  warning  'spring1' is not defined              no-undef
   61:5   warning  'stroke' is not defined               no-undef
   62:5   warning  'strokeWeight' is not defined         no-undef
   63:5   warning  'point' is not defined                no-undef
   63:17  warning  'spring1' is not defined              no-undef
   65:5   warning  'strokeWeight' is not defined         no-undef
   72:3   warning  'stroke' is not defined               no-undef
   73:3   warning  'fill' is not defined                 no-undef
   74:45  warning  'spring1' is not defined              no-undef
   75:43  warning  'spring1' is not defined              no-undef
   76:45  warning  'spring1' is not defined              no-undef
   76:57  warning  'spring1' is not defined              no-undef
   77:45  warning  'spring1' is not defined              no-undef
   77:57  warning  'spring1' is not defined              no-undef
   78:44  warning  'abs' is not defined                  no-undef
   78:48  warning  'spring1' is not defined              no-undef
   79:44  warning  'abs' is not defined                  no-undef
   79:48  warning  'spring1' is not defined              no-undef
   80:46  warning  'spring1' is not defined              no-undef
   80:59  warning  'spring1' is not defined              no-undef
   81:46  warning  'abs' is not defined                  no-undef
   81:50  warning  'spring1' is not defined              no-undef
   81:64  warning  'spring1' is not defined              no-undef
   81:77  warning  'spring1' is not defined              no-undef
   82:46  warning  'abs' is not defined                  no-undef
   82:50  warning  'spring1' is not defined              no-undef
   82:64  warning  'spring1' is not defined              no-undef
   82:77  warning  'spring1' is not defined              no-undef
   84:1   warning  'k1' is not defined                   no-undef
   84:6   warning  '$' is not defined                    no-undef
   85:1   warning  'm1' is not defined                   no-undef
   85:6   warning  '$' is not defined                    no-undef
   86:1   warning  'k2' is not defined                   no-undef
   86:6   warning  '$' is not defined                    no-undef
   87:1   warning  'm2' is not defined                   no-undef
   87:6   warning  '$' is not defined                    no-undef
   88:1   warning  'k3' is not defined                   no-undef
   88:6   warning  '$' is not defined                    no-undef
   89:1   warning  'F0' is not defined                   no-undef
   89:6   warning  '$' is not defined                    no-undef
   90:1   warning  'x10' is not defined                  no-undef
   90:7   warning  '$' is not defined                    no-undef
   91:1   warning  'x20' is not defined                  no-undef
   91:7   warning  '$' is not defined                    no-undef
   93:3   warning  'push' is not defined                 no-undef
   99:3   warning  't' is not defined                    no-undef
   99:7   warning  't' is not defined                    no-undef
   99:11  warning  'dt' is not defined                   no-undef
  102:9   warning  '$' is not defined                    no-undef
  104:7   warning  '$' is not defined                    no-undef
  111:7   warning  '$' is not defined                    no-undef
  123:3   warning  '$' is not defined                    no-undef

/home/runner/work/exp-forging-hammer-nitk/exp-forging-hammer-nitk/experiment/simulation/js/script1.js
    1:5   warning  'F0' is assigned a value but never used          no-unused-vars
    1:9   warning  'w' is defined but never used                    no-unused-vars
    1:12  warning  'k1' is assigned a value but never used          no-unused-vars
    1:16  warning  'm1' is assigned a value but never used          no-unused-vars
    1:20  warning  'k2' is assigned a value but never used          no-unused-vars
    1:24  warning  'm2' is assigned a value but never used          no-unused-vars
    3:5   warning  'rotstatus' is assigned a value but never used   no-unused-vars
    4:10  warning  'startsim' is defined but never used             no-unused-vars
   53:12  warning  'enableRefreshButton' is defined but never used  no-unused-vars
   79:10  warning  'varinit' is defined but never used              no-unused-vars
   83:3   warning  '$' is not defined                               no-undef
   84:5   warning  'validatePositiveInput' is not defined           no-undef
   87:3   warning  '$' is not defined                               no-undef
   88:5   warning  'validatePositiveInput' is not defined           no-undef
   91:3   warning  '$' is not defined                               no-undef
   92:5   warning  'validatePositiveInput' is not defined           no-undef
   95:3   warning  '$' is not defined                               no-undef
   96:5   warning  'validatePositiveInput' is not defined           no-undef
   99:3   warning  '$' is not defined                               no-undef
  100:5   warning  'validatePositiveInput' is not defined           no-undef
  103:3   warning  '$' is not defined                               no-undef
  104:5   warning  'validatePositiveInput' is not defined           no-undef
  107:3   warning  '$' is not defined                               no-undef
  108:5   warning  'validatePositiveInput' is not defined           no-undef
  111:3   warning  '$' is not defined                               no-undef
  112:5   warning  'validatePositiveInput' is not defined           no-undef
  116:5   warning  '$' is not defined                               no-undef
  117:5   warning  '$' is not defined                               no-undef
  119:5   warning  '$' is not defined                               no-undef
  120:5   warning  '$' is not defined                               no-undef
  122:5   warning  '$' is not defined                               no-undef
  123:5   warning  '$' is not defined                               no-undef
  125:5   warning  '$' is not defined                               no-undef
  126:5   warning  '$' is not defined                               no-undef
  128:5   warning  '$' is not defined                               no-undef
  129:5   warning  '$' is not defined                               no-undef
  131:5   warning  '$' is not defined                               no-undef
  132:5   warning  '$' is not defined                               no-undef
  134:5   warning  '$' is not defined                               no-undef
  135:5   warning  '$' is not defined                               no-undef
  137:5   warning  '$' is not defined                               no-undef
  138:5   warning  '$' is not defined                               no-undef
  148:3   warning  '$' is not defined                               no-undef
  151:3   warning  '$' is not defined                               no-undef
  154:3   warning  '$' is not defined                               no-undef
  155:5   warning  '$' is not defined                               no-undef
  156:5   warning  'ptx' is not defined                             no-undef
  157:5   warning  'pty' is not defined                             no-undef
  159:3   warning  '$' is not defined                               no-undef
  160:5   warning  '$' is not defined                               no-undef
  161:5   warning  'ptx' is not defined                             no-undef
  162:5   warning  'pty' is not defined                             no-undef
  164:3   warning  '$' is not defined                               no-undef
  168:3   warning  '$' is not defined                               no-undef
  171:3   warning  '$' is not defined                               no-undef
  174:3   warning  '$' is not defined                               no-undef
  175:5   warning  '$' is not defined                               no-undef
  176:5   warning  'ptx' is not defined                             no-undef
  177:5   warning  'pty' is not defined                             no-undef
  179:3   warning  '$' is not defined                               no-undef
  180:5   warning  '$' is not defined                               no-undef
  181:5   warning  'ptx' is not defined                             no-undef
  182:5   warning  'pty' is not defined                             no-undef
  184:3   warning  '$' is not defined                               no-undef
  188:3   warning  '$' is not defined                               no-undef
  190:3   warning  '$' is not defined                               no-undef
  193:3   warning  '$' is not defined                               no-undef
  194:5   warning  '$' is not defined                               no-undef
  195:5   warning  'ptx' is not defined                             no-undef
  196:5   warning  'pty' is not defined                             no-undef
  198:3   warning  '$' is not defined                               no-undef
  199:5   warning  '$' is not defined                               no-undef
  200:5   warning  'ptx' is not defined                             no-undef
  201:5   warning  'pty' is not defined                             no-undef
  203:3   warning  '$' is not defined                               no-undef
  207:3   warning  '$' is not defined                               no-undef
  209:3   warning  '$' is not defined                               no-undef
  212:3   warning  '$' is not defined                               no-undef
  213:5   warning  '$' is not defined                               no-undef
  214:5   warning  'ptx' is not defined                             no-undef
  215:5   warning  'pty' is not defined                             no-undef
  217:3   warning  '$' is not defined                               no-undef
  218:5   warning  '$' is not defined                               no-undef
  219:5   warning  'ptx' is not defined                             no-undef
  220:5   warning  'pty' is not defined                             no-undef
  222:3   warning  '$' is not defined                               no-undef
  226:3   warning  '$' is not defined                               no-undef
  228:3   warning  '$' is not defined                               no-undef
  231:3   warning  '$' is not defined                               no-undef
  232:5   warning  '$' is not defined                               no-undef
  233:5   warning  'ptx' is not defined                             no-undef
  234:5   warning  'pty' is not defined                             no-undef
  236:3   warning  '$' is not defined                               no-undef
  237:5   warning  '$' is not defined                               no-undef
  238:5   warning  'ptx' is not defined                             no-undef
  239:5   warning  'pty' is not defined                             no-undef
  241:3   warning  '$' is not defined                               no-undef
  245:3   warning  '$' is not defined                               no-undef
  247:3   warning  '$' is not defined                               no-undef
  250:3   warning  '$' is not defined                               no-undef
  251:5   warning  '$' is not defined                               no-undef
  252:5   warning  'ptx' is not defined                             no-undef
  253:5   warning  'pty' is not defined                             no-undef
  255:3   warning  '$' is not defined                               no-undef
  256:5   warning  '$' is not defined                               no-undef
  257:5   warning  'ptx' is not defined                             no-undef
  258:5   warning  'pty' is not defined                             no-undef
  260:3   warning  '$' is not defined                               no-undef
  266:3   warning  '$' is not defined                               no-undef
  268:3   warning  '$' is not defined                               no-undef
  271:3   warning  '$' is not defined                               no-undef
  272:5   warning  '$' is not defined                               no-undef
  273:5   warning  'ptx' is not defined                             no-undef
  274:5   warning  'pty' is not defined                             no-undef
  276:3   warning  '$' is not defined                               no-undef
  277:5   warning  '$' is not defined                               no-undef
  278:5   warning  'ptx' is not defined                             no-undef
  279:5   warning  'pty' is not defined                             no-undef
  281:3   warning  '$' is not defined                               no-undef
  286:3   warning  '$' is not defined                               no-undef
  288:3   warning  '$' is not defined                               no-undef
  291:3   warning  '$' is not defined                               no-undef
  292:5   warning  '$' is not defined                               no-undef
  293:5   warning  'ptx' is not defined                             no-undef
  294:5   warning  'pty' is not defined                             no-undef
  296:3   warning  '$' is not defined                               no-undef
  297:5   warning  '$' is not defined                               no-undef
  298:5   warning  'ptx' is not defined                             no-undef
  299:5   warning  'pty' is not defined                             no-undef
  301:3   warning  '$' is not defined                               no-undef
  311:3   warning  '$' is not defined                               no-undef
  311:33  warning  '$' is not defined                               no-undef
  312:3   warning  '$' is not defined                               no-undef
  312:37  warning  '$' is not defined                               no-undef
  313:3   warning  '$' is not defined                               no-undef
  313:34  warning  '$' is not defined                               no-undef
  314:3   warning  '$' is not defined                               no-undef
  314:34  warning  '$' is not defined                               no-undef
  315:3   warning  '$' is not defined                               no-undef
  315:34  warning  '$' is not defined                               no-undef
  316:3   warning  '$' is not defined                               no-undef
  316:34  warning  '$' is not defined                               no-undef
  317:8   warning  '$' is not defined                               no-undef
  318:8   warning  '$' is not defined                               no-undef
  319:8   warning  '$' is not defined                               no-undef
  320:8   warning  '$' is not defined                               no-undef
  321:3   warning  'k3' is not defined                              no-undef
  321:8   warning  '$' is not defined                               no-undef
  322:8   warning  '$' is not defined                               no-undef
  323:3   warning  'x10' is not defined                             no-undef
  323:9   warning  '$' is not defined                               no-undef
  324:3   warning  'x20' is not defined                             no-undef
  324:9   warning  '$' is not defined                               no-undef
  329:10  warning  'movetoTop' is defined but never used            no-unused-vars

/home/runner/work/exp-forging-hammer-nitk/exp-forging-hammer-nitk/experiment/simulation/js/sketch.js
    4:5   warning  'width' is assigned a value but never used            no-unused-vars
    5:5   warning  'height' is assigned a value but never used           no-unused-vars
    8:5   warning  't' is assigned a value but never used                no-unused-vars
    9:5   warning  'dt' is assigned a value but never used               no-unused-vars
   14:5   warning  'J' is defined but never used                         no-unused-vars
   17:5   warning  'position_graph1' is assigned a value but never used  no-unused-vars
   18:5   warning  'position_graph2' is assigned a value but never used  no-unused-vars
   19:5   warning  'magFac' is defined but never used                    no-unused-vars
   37:5   warning  'factor' is assigned a value but never used           no-unused-vars
   40:5   warning  'img' is defined but never used                       no-unused-vars
   41:5   warning  'button1' is defined but never used                   no-unused-vars
   42:5   warning  'button2' is defined but never used                   no-unused-vars
   43:5   warning  'button3' is defined but never used                   no-unused-vars
   44:5   warning  'button4' is defined but never used                   no-unused-vars
   45:5   warning  'button5' is defined but never used                   no-unused-vars
   46:5   warning  'spr' is assigned a value but never used              no-unused-vars
   56:5   warning  'touch' is assigned a value but never used            no-unused-vars
   57:5   warning  'simTimeId' is defined but never used                 no-unused-vars
   60:5   warning  'clear' is defined but never used                     no-unused-vars
   61:5   warning  'gt' is defined but never used                        no-unused-vars
   62:5   warning  'bluec' is defined but never used                     no-unused-vars
   64:10  warning  'preload' is defined but never used                   no-unused-vars
   70:9   warning  'loadImage' is not defined                            no-undef
   71:3   warning  '$' is not defined                                    no-undef
   75:3   warning  '$' is not defined                                    no-undef
   79:3   warning  '$' is not defined                                    no-undef
   88:10  warning  'setup' is defined but never used                     no-unused-vars
   95:22  warning  'createCanvas' is not defined                         no-undef
   98:17  warning  'System' is not defined                               no-undef
  100:27  warning  'Graph' is not defined                                no-undef
  102:27  warning  'Graph' is not defined                                no-undef
  104:19  warning  'DynamicGraph' is not defined                         no-undef
  104:75  warning  'System' is not defined                               no-undef
  105:19  warning  'DynamicGraph' is not defined                         no-undef
  105:77  warning  'System' is not defined                               no-undef
  113:44  warning  'abs' is not defined                                  no-undef
  114:44  warning  'abs' is not defined                                  no-undef
  116:46  warning  'abs' is not defined                                  no-undef
  117:46  warning  'abs' is not defined                                  no-undef
  118:3   warning  'varinit' is not defined                              no-undef
  119:3   warning  'k1' is not defined                                   no-undef
  119:8   warning  '$' is not defined                                    no-undef
  120:3   warning  'm1' is not defined                                   no-undef
  120:8   warning  '$' is not defined                                    no-undef
  121:3   warning  'k2' is not defined                                   no-undef
  121:8   warning  '$' is not defined                                    no-undef
  122:3   warning  'm2' is not defined                                   no-undef
  122:8   warning  '$' is not defined                                    no-undef
  123:3   warning  'k3' is not defined                                   no-undef
  123:8   warning  '$' is not defined                                    no-undef
  124:3   warning  'F0' is not defined                                   no-undef
  124:8   warning  '$' is not defined                                    no-undef
  125:3   warning  'x10' is not defined                                  no-undef
  125:9   warning  '$' is not defined                                    no-undef
  126:3   warning  'x20' is not defined                                  no-undef
  126:9   warning  '$' is not defined                                    no-undef
  130:10  warning  'draw' is defined but never used                      no-unused-vars
  132:5   warning  'runPage1' is not defined                             no-undef
  136:5   warning  'runPage2' is not defined                             no-undef
  140:5   warning  'runPage3' is not defined                             no-undef
  145:10  warning  'simstate' is defined but never used                  no-unused-vars
  147:3   warning  'imgfilename' is assigned a value but never used      no-unused-vars
  153:5   warning  'noLoop' is not defined                               no-undef
  158:5   warning  'loop' is not defined                                 no-undef
  169:10  warning  'screenchangePhase' is defined but never used         no-unused-vars
  178:10  warning  'screenchangeMag' is defined but never used           no-unused-vars
  186:5   warning  'runPage2' is not defined                             no-undef
  190:5   warning  '$' is not defined                                    no-undef
  194:5   warning  '$' is not defined                                    no-undef
  198:5   warning  '$' is not defined                                    no-undef
  207:5   warning  'runPage3' is not defined                             no-undef
  211:5   warning  '$' is not defined                                    no-undef
  215:5   warning  '$' is not defined                                    no-undef
  219:5   warning  '$' is not defined                                    no-undef
  229:5   warning  'runPage1' is not defined                             no-undef
  233:5   warning  '$' is not defined                                    no-undef
  237:5   warning  '$' is not defined                                    no-undef
  241:5   warning  '$' is not defined                                    no-undef
  248:10  warning  'screenChangePrevious' is defined but never used      no-unused-vars
  256:5   warning  'runPage1' is not defined                             no-undef
  265:5   warning  'runPage2' is not defined                             no-undef
  277:5   warning  'runPage3' is not defined                             no-undef
  286:10  warning  'phaseAngleGraph' is defined but never used           no-unused-vars
  291:3   warning  'runPage2' is not defined                             no-undef
  297:10  warning  'magnitudeGraph' is defined but never used            no-unused-vars
  302:3   warning  'runPage3' is not defined                             no-undef

/home/runner/work/exp-forging-hammer-nitk/exp-forging-hammer-nitk/experiment/simulation/js/system.js
    1:7   warning  'System' is defined but never used      no-unused-vars
   89:10  warning  't' is defined but never used           no-unused-vars
   89:13  warning  '_mulfact' is defined but never used    no-unused-vars
  106:5   warning  'push' is not defined                   no-undef
  107:15  warning  'spr' is not defined                    no-undef
  108:15  warning  'spr' is not defined                    no-undef
  109:5   warning  'textSize' is not defined               no-undef
  110:5   warning  'fill' is not defined                   no-undef
  112:9   warning  'fill' is not defined                   no-undef
  113:9   warning  'text' is not defined                   no-undef
  114:9   warning  'text' is not defined                   no-undef
  115:9   warning  'text' is not defined                   no-undef
  116:9   warning  'fill' is not defined                   no-undef
  117:9   warning  'text' is not defined                   no-undef
  118:5   warning  'strokeWeight' is not defined           no-undef
  119:5   warning  'line' is not defined                   no-undef
  120:5   warning  'line' is not defined                   no-undef
  121:5   warning  'line' is not defined                   no-undef
  122:5   warning  'line' is not defined                   no-undef
  124:5   warning  'line' is not defined                   no-undef
  125:5   warning  'line' is not defined                   no-undef
  126:5   warning  'line' is not defined                   no-undef
  127:5   warning  'line' is not defined                   no-undef
  128:5   warning  'strokeWeight' is not defined           no-undef
  129:5   warning  'text' is not defined                   no-undef
  133:5   warning  'image' is not defined                  no-undef
  133:11  warning  'spr' is not defined                    no-undef
  134:5   warning  'fill' is not defined                   no-undef
  135:5   warning  'textSize' is not defined               no-undef
  136:5   warning  'text' is not defined                   no-undef
  137:5   warning  'image' is not defined                  no-undef
  137:11  warning  'spr' is not defined                    no-undef
  139:5   warning  'fill' is not defined                   no-undef
  140:5   warning  'textSize' is not defined               no-undef
  141:5   warning  'text' is not defined                   no-undef
  144:5   warning  'rectMode' is not defined               no-undef
  144:14  warning  'CENTER' is not defined                 no-undef
  145:5   warning  'fill' is not defined                   no-undef
  146:5   warning  'rect' is not defined                   no-undef
  149:5   warning  'rect' is not defined                   no-undef
  150:5   warning  'stroke' is not defined                 no-undef
  151:5   warning  'strokeWeight' is not defined           no-undef
  152:5   warning  'fill' is not defined                   no-undef
  153:5   warning  'rectMode' is not defined               no-undef
  153:14  warning  'CENTER' is not defined                 no-undef
  154:5   warning  'fill' is not defined                   no-undef
  155:5   warning  'rect' is not defined                   no-undef
  156:5   warning  'fill' is not defined                   no-undef
  157:5   warning  'textSize' is not defined               no-undef
  158:5   warning  'text' is not defined                   no-undef
  159:5   warning  'rectMode' is not defined               no-undef
  159:14  warning  'CENTER' is not defined                 no-undef
  160:5   warning  'fill' is not defined                   no-undef
  161:5   warning  'rect' is not defined                   no-undef
  162:5   warning  'fill' is not defined                   no-undef
  163:5   warning  'textSize' is not defined               no-undef
  164:5   warning  'text' is not defined                   no-undef
  166:5   warning  'fill' is not defined                   no-undef
  170:5   warning  'fill' is not defined                   no-undef
  171:9   warning  'x' is assigned a value but never used  no-unused-vars
  172:9   warning  'y' is assigned a value but never used  no-unused-vars
  174:5   warning  'pop' is not defined                    no-undef
  186:7   warning  'abs' is not defined                    no-undef
  187:14  warning  'abs' is not defined                    no-undef
  200:7   warning  'abs' is not defined                    no-undef
  201:14  warning  'abs' is not defined                    no-undef

✖ 940 problems (1 error, 939 warnings)
  0 errors and 2 warnings potentially fixable with the `--fix` option.

